<?xml version="1.0" encoding="UTF-8"?>
<!-- Generated by org.testng.reporters.JUnitReportReporter -->
<testsuite hostname="DESKTOP-MIEJ78H" failures="0" tests="2" name="Runner.Runnerclass" time="13.880" errors="0" timestamp="2025-07-16T13:05:06 IST" skipped="0">
  <testcase classname="Runner.Runnerclass" name="runScenario" time="4.357"/>
  <system-out/>
  <testcase classname="Runner.Runnerclass" name="runScenario" time="9.523"/>
  <system-out/>
</testsuite> <!-- Runner.Runnerclass -->
